[    1905ms] [INFO] Slow network is detected. See https://www.chromestatus.com/feature/5636954674692096 for more details. Fallback font will be used while loading: http://localhost:8504/static/media/SourceCodeVF-Upright.ttf.BjWn63N-.woff2 @ http://localhost:8504/:0
[  564128ms] [ERROR] Failed to load resource: net::ERR_NAME_NOT_RESOLVED @ https://webhooks.fivetran.com/webhooks/615b5e5c-9fde-4c75-a034-f642dba74c1f:0
[  564128ms] [ERROR] Failed to load resource: net::ERR_NAME_NOT_RESOLVED @ https://webhooks.fivetran.com/webhooks/615b5e5c-9fde-4c75-a034-f642dba74c1f:0
[  564128ms] [ERROR] Failed to load resource: net::ERR_NAME_NOT_RESOLVED @ https://webhooks.fivetran.com/webhooks/615b5e5c-9fde-4c75-a034-f642dba74c1f:0
[  564128ms] [ERROR] Failed to load resource: net::ERR_NAME_NOT_RESOLVED @ https://webhooks.fivetran.com/webhooks/615b5e5c-9fde-4c75-a034-f642dba74c1f:0
[  564128ms] [ERROR] Failed to load resource: net::ERR_NAME_NOT_RESOLVED @ https://webhooks.fivetran.com/webhooks/615b5e5c-9fde-4c75-a034-f642dba74c1f:0
[  564128ms] [ERROR] Failed to load resource: net::ERR_NAME_NOT_RESOLVED @ https://webhooks.fivetran.com/webhooks/615b5e5c-9fde-4c75-a034-f642dba74c1f:0
[  564131ms] TypeError: Failed to fetch
    at Eh.track (http://localhost:8504/static/js/index.k-9rUdPI.js:25:10509)
    at Eh.send (http://localhost:8504/static/js/index.k-9rUdPI.js:25:10256)
    at Eh.enqueue (http://localhost:8504/static/js/index.k-9rUdPI.js:25:9638)
    at y.handleNewSession (http://localhost:8504/static/js/index.k-9rUdPI.js:25:24239)
    at Object.newSession (http://localhost:8504/static/js/index.k-9rUdPI.js:25:18361)
    at t (http://localhost:8504/static/js/index.k-9rUdPI.js:25:18276)
    at Object.handleMessage [as onMessage] (http://localhost:8504/static/js/index.k-9rUdPI.js:25:18330)
    at dp.handleMessage (http://localhost:8504/static/js/index.k-9rUdPI.js:21:3732)
[  564132ms] TypeError: Failed to fetch
    at Eh.track (http://localhost:8504/static/js/index.k-9rUdPI.js:25:10509)
    at Eh.send (http://localhost:8504/static/js/index.k-9rUdPI.js:25:10256)
    at Eh.enqueue (http://localhost:8504/static/js/index.k-9rUdPI.js:25:9638)
    at y.handleNewSession (http://localhost:8504/static/js/index.k-9rUdPI.js:25:24239)
    at Object.newSession (http://localhost:8504/static/js/index.k-9rUdPI.js:25:18361)
    at t (http://localhost:8504/static/js/index.k-9rUdPI.js:25:18276)
    at Object.handleMessage [as onMessage] (http://localhost:8504/static/js/index.k-9rUdPI.js:25:18330)
    at dp.handleMessage (http://localhost:8504/static/js/index.k-9rUdPI.js:21:3732)
[  564132ms] TypeError: Failed to fetch
    at Eh.track (http://localhost:8504/static/js/index.k-9rUdPI.js:25:10509)
    at Eh.send (http://localhost:8504/static/js/index.k-9rUdPI.js:25:10256)
    at Eh.enqueue (http://localhost:8504/static/js/index.k-9rUdPI.js:25:9638)
    at y.handlePageProfileMsg (http://localhost:8504/static/js/index.k-9rUdPI.js:25:21403)
    at Object.pageProfile (http://localhost:8504/static/js/index.k-9rUdPI.js:25:18785)
    at t (http://localhost:8504/static/js/index.k-9rUdPI.js:25:18276)
    at Object.handleMessage [as onMessage] (http://localhost:8504/static/js/index.k-9rUdPI.js:25:18330)
    at dp.handleMessage (http://localhost:8504/static/js/index.k-9rUdPI.js:21:3732)
[  564132ms] TypeError: Failed to fetch
    at Eh.track (http://localhost:8504/static/js/index.k-9rUdPI.js:25:10509)
    at Eh.send (http://localhost:8504/static/js/index.k-9rUdPI.js:25:10256)
    at Eh.enqueue (http://localhost:8504/static/js/index.k-9rUdPI.js:25:9638)
    at y.handleNewSession (http://localhost:8504/static/js/index.k-9rUdPI.js:25:24239)
    at Object.newSession (http://localhost:8504/static/js/index.k-9rUdPI.js:25:18361)
    at t (http://localhost:8504/static/js/index.k-9rUdPI.js:25:18276)
    at Object.handleMessage [as onMessage] (http://localhost:8504/static/js/index.k-9rUdPI.js:25:18330)
    at dp.handleMessage (http://localhost:8504/static/js/index.k-9rUdPI.js:21:3732)
[  564132ms] TypeError: Failed to fetch
    at Eh.track (http://localhost:8504/static/js/index.k-9rUdPI.js:25:10509)
    at Eh.send (http://localhost:8504/static/js/index.k-9rUdPI.js:25:10256)
    at Eh.enqueue (http://localhost:8504/static/js/index.k-9rUdPI.js:25:9638)
    at y.handleNewSession (http://localhost:8504/static/js/index.k-9rUdPI.js:25:24239)
    at Object.newSession (http://localhost:8504/static/js/index.k-9rUdPI.js:25:18361)
    at t (http://localhost:8504/static/js/index.k-9rUdPI.js:25:18276)
    at Object.handleMessage [as onMessage] (http://localhost:8504/static/js/index.k-9rUdPI.js:25:18330)
    at dp.handleMessage (http://localhost:8504/static/js/index.k-9rUdPI.js:21:3732)
[  564133ms] TypeError: Failed to fetch
    at Eh.track (http://localhost:8504/static/js/index.k-9rUdPI.js:25:10509)
    at Eh.send (http://localhost:8504/static/js/index.k-9rUdPI.js:25:10256)
    at Eh.enqueue (http://localhost:8504/static/js/index.k-9rUdPI.js:25:9638)
    at y.handlePageProfileMsg (http://localhost:8504/static/js/index.k-9rUdPI.js:25:21403)
    at Object.pageProfile (http://localhost:8504/static/js/index.k-9rUdPI.js:25:18785)
    at t (http://localhost:8504/static/js/index.k-9rUdPI.js:25:18276)
    at Object.handleMessage [as onMessage] (http://localhost:8504/static/js/index.k-9rUdPI.js:25:18330)
    at dp.handleMessage (http://localhost:8504/static/js/index.k-9rUdPI.js:21:3732)
[  570219ms] [ERROR] Failed to load resource: net::ERR_NAME_NOT_RESOLVED @ https://webhooks.fivetran.com/webhooks/615b5e5c-9fde-4c75-a034-f642dba74c1f:0
[  570219ms] [ERROR] Failed to load resource: net::ERR_NAME_NOT_RESOLVED @ https://webhooks.fivetran.com/webhooks/615b5e5c-9fde-4c75-a034-f642dba74c1f:0
[  570221ms] TypeError: Failed to fetch
    at Eh.track (http://localhost:8504/static/js/index.k-9rUdPI.js:25:10509)
    at Eh.send (http://localhost:8504/static/js/index.k-9rUdPI.js:25:10256)
    at Eh.enqueue (http://localhost:8504/static/js/index.k-9rUdPI.js:25:9638)
    at y.handleNewSession (http://localhost:8504/static/js/index.k-9rUdPI.js:25:24239)
    at Object.newSession (http://localhost:8504/static/js/index.k-9rUdPI.js:25:18361)
    at t (http://localhost:8504/static/js/index.k-9rUdPI.js:25:18276)
    at Object.handleMessage [as onMessage] (http://localhost:8504/static/js/index.k-9rUdPI.js:25:18330)
    at dp.handleMessage (http://localhost:8504/static/js/index.k-9rUdPI.js:21:3732)
[  570219ms] [ERROR] Failed to load resource: net::ERR_NAME_NOT_RESOLVED @ https://webhooks.fivetran.com/webhooks/615b5e5c-9fde-4c75-a034-f642dba74c1f:0
[  570219ms] [ERROR] Failed to load resource: net::ERR_NAME_NOT_RESOLVED @ https://webhooks.fivetran.com/webhooks/615b5e5c-9fde-4c75-a034-f642dba74c1f:0
[  570219ms] [ERROR] Failed to load resource: net::ERR_NAME_NOT_RESOLVED @ https://webhooks.fivetran.com/webhooks/615b5e5c-9fde-4c75-a034-f642dba74c1f:0
[  570219ms] [ERROR] Failed to load resource: net::ERR_NAME_NOT_RESOLVED @ https://webhooks.fivetran.com/webhooks/615b5e5c-9fde-4c75-a034-f642dba74c1f:0
[  570222ms] TypeError: Failed to fetch
    at Eh.track (http://localhost:8504/static/js/index.k-9rUdPI.js:25:10509)
    at Eh.send (http://localhost:8504/static/js/index.k-9rUdPI.js:25:10256)
    at Eh.enqueue (http://localhost:8504/static/js/index.k-9rUdPI.js:25:9638)
    at y.handleNewSession (http://localhost:8504/static/js/index.k-9rUdPI.js:25:24239)
    at Object.newSession (http://localhost:8504/static/js/index.k-9rUdPI.js:25:18361)
    at t (http://localhost:8504/static/js/index.k-9rUdPI.js:25:18276)
    at Object.handleMessage [as onMessage] (http://localhost:8504/static/js/index.k-9rUdPI.js:25:18330)
    at dp.handleMessage (http://localhost:8504/static/js/index.k-9rUdPI.js:21:3732)
[  570223ms] TypeError: Failed to fetch
    at Eh.track (http://localhost:8504/static/js/index.k-9rUdPI.js:25:10509)
    at Eh.send (http://localhost:8504/static/js/index.k-9rUdPI.js:25:10256)
    at Eh.enqueue (http://localhost:8504/static/js/index.k-9rUdPI.js:25:9638)
    at y.handlePageProfileMsg (http://localhost:8504/static/js/index.k-9rUdPI.js:25:21403)
    at Object.pageProfile (http://localhost:8504/static/js/index.k-9rUdPI.js:25:18785)
    at t (http://localhost:8504/static/js/index.k-9rUdPI.js:25:18276)
    at Object.handleMessage [as onMessage] (http://localhost:8504/static/js/index.k-9rUdPI.js:25:18330)
    at dp.handleMessage (http://localhost:8504/static/js/index.k-9rUdPI.js:21:3732)
[  570223ms] TypeError: Failed to fetch
    at Eh.track (http://localhost:8504/static/js/index.k-9rUdPI.js:25:10509)
    at Eh.send (http://localhost:8504/static/js/index.k-9rUdPI.js:25:10256)
    at Eh.enqueue (http://localhost:8504/static/js/index.k-9rUdPI.js:25:9638)
    at y.handleNewSession (http://localhost:8504/static/js/index.k-9rUdPI.js:25:24239)
    at Object.newSession (http://localhost:8504/static/js/index.k-9rUdPI.js:25:18361)
    at t (http://localhost:8504/static/js/index.k-9rUdPI.js:25:18276)
    at Object.handleMessage [as onMessage] (http://localhost:8504/static/js/index.k-9rUdPI.js:25:18330)
    at dp.handleMessage (http://localhost:8504/static/js/index.k-9rUdPI.js:21:3732)
[  570223ms] TypeError: Failed to fetch
    at Eh.track (http://localhost:8504/static/js/index.k-9rUdPI.js:25:10509)
    at Eh.send (http://localhost:8504/static/js/index.k-9rUdPI.js:25:10256)
    at Eh.enqueue (http://localhost:8504/static/js/index.k-9rUdPI.js:25:9638)
    at y.handleNewSession (http://localhost:8504/static/js/index.k-9rUdPI.js:25:24239)
    at Object.newSession (http://localhost:8504/static/js/index.k-9rUdPI.js:25:18361)
    at t (http://localhost:8504/static/js/index.k-9rUdPI.js:25:18276)
    at Object.handleMessage [as onMessage] (http://localhost:8504/static/js/index.k-9rUdPI.js:25:18330)
    at dp.handleMessage (http://localhost:8504/static/js/index.k-9rUdPI.js:21:3732)
[  570223ms] TypeError: Failed to fetch
    at Eh.track (http://localhost:8504/static/js/index.k-9rUdPI.js:25:10509)
    at Eh.send (http://localhost:8504/static/js/index.k-9rUdPI.js:25:10256)
    at Eh.enqueue (http://localhost:8504/static/js/index.k-9rUdPI.js:25:9638)
    at y.handlePageProfileMsg (http://localhost:8504/static/js/index.k-9rUdPI.js:25:21403)
    at Object.pageProfile (http://localhost:8504/static/js/index.k-9rUdPI.js:25:18785)
    at t (http://localhost:8504/static/js/index.k-9rUdPI.js:25:18276)
    at Object.handleMessage [as onMessage] (http://localhost:8504/static/js/index.k-9rUdPI.js:25:18330)
    at dp.handleMessage (http://localhost:8504/static/js/index.k-9rUdPI.js:21:3732)
[  581351ms] [ERROR] Failed to load resource: net::ERR_NAME_NOT_RESOLVED @ https://webhooks.fivetran.com/webhooks/615b5e5c-9fde-4c75-a034-f642dba74c1f:0
[  581351ms] [ERROR] Failed to load resource: net::ERR_NAME_NOT_RESOLVED @ https://webhooks.fivetran.com/webhooks/615b5e5c-9fde-4c75-a034-f642dba74c1f:0
[  581351ms] [ERROR] Failed to load resource: net::ERR_NAME_NOT_RESOLVED @ https://webhooks.fivetran.com/webhooks/615b5e5c-9fde-4c75-a034-f642dba74c1f:0
[  581351ms] [ERROR] Failed to load resource: net::ERR_NAME_NOT_RESOLVED @ https://webhooks.fivetran.com/webhooks/615b5e5c-9fde-4c75-a034-f642dba74c1f:0
[  581351ms] [ERROR] Failed to load resource: net::ERR_NAME_NOT_RESOLVED @ https://webhooks.fivetran.com/webhooks/615b5e5c-9fde-4c75-a034-f642dba74c1f:0
[  581352ms] [ERROR] Failed to load resource: net::ERR_NAME_NOT_RESOLVED @ https://webhooks.fivetran.com/webhooks/615b5e5c-9fde-4c75-a034-f642dba74c1f:0
[  581354ms] TypeError: Failed to fetch
    at Eh.track (http://localhost:8504/static/js/index.k-9rUdPI.js:25:10509)
    at Eh.send (http://localhost:8504/static/js/index.k-9rUdPI.js:25:10256)
    at Eh.enqueue (http://localhost:8504/static/js/index.k-9rUdPI.js:25:9638)
    at y.handleNewSession (http://localhost:8504/static/js/index.k-9rUdPI.js:25:24239)
    at Object.newSession (http://localhost:8504/static/js/index.k-9rUdPI.js:25:18361)
    at t (http://localhost:8504/static/js/index.k-9rUdPI.js:25:18276)
    at Object.handleMessage [as onMessage] (http://localhost:8504/static/js/index.k-9rUdPI.js:25:18330)
    at dp.handleMessage (http://localhost:8504/static/js/index.k-9rUdPI.js:21:3732)
[  581354ms] TypeError: Failed to fetch
    at Eh.track (http://localhost:8504/static/js/index.k-9rUdPI.js:25:10509)
    at Eh.send (http://localhost:8504/static/js/index.k-9rUdPI.js:25:10256)
    at Eh.enqueue (http://localhost:8504/static/js/index.k-9rUdPI.js:25:9638)
    at y.handleNewSession (http://localhost:8504/static/js/index.k-9rUdPI.js:25:24239)
    at Object.newSession (http://localhost:8504/static/js/index.k-9rUdPI.js:25:18361)
    at t (http://localhost:8504/static/js/index.k-9rUdPI.js:25:18276)
    at Object.handleMessage [as onMessage] (http://localhost:8504/static/js/index.k-9rUdPI.js:25:18330)
    at dp.handleMessage (http://localhost:8504/static/js/index.k-9rUdPI.js:21:3732)
[  581354ms] TypeError: Failed to fetch
    at Eh.track (http://localhost:8504/static/js/index.k-9rUdPI.js:25:10509)
    at Eh.send (http://localhost:8504/static/js/index.k-9rUdPI.js:25:10256)
    at Eh.enqueue (http://localhost:8504/static/js/index.k-9rUdPI.js:25:9638)
    at y.handlePageProfileMsg (http://localhost:8504/static/js/index.k-9rUdPI.js:25:21403)
    at Object.pageProfile (http://localhost:8504/static/js/index.k-9rUdPI.js:25:18785)
    at t (http://localhost:8504/static/js/index.k-9rUdPI.js:25:18276)
    at Object.handleMessage [as onMessage] (http://localhost:8504/static/js/index.k-9rUdPI.js:25:18330)
    at dp.handleMessage (http://localhost:8504/static/js/index.k-9rUdPI.js:21:3732)
[  581355ms] TypeError: Failed to fetch
    at Eh.track (http://localhost:8504/static/js/index.k-9rUdPI.js:25:10509)
    at Eh.send (http://localhost:8504/static/js/index.k-9rUdPI.js:25:10256)
    at Eh.enqueue (http://localhost:8504/static/js/index.k-9rUdPI.js:25:9638)
    at y.handleNewSession (http://localhost:8504/static/js/index.k-9rUdPI.js:25:24239)
    at Object.newSession (http://localhost:8504/static/js/index.k-9rUdPI.js:25:18361)
    at t (http://localhost:8504/static/js/index.k-9rUdPI.js:25:18276)
    at Object.handleMessage [as onMessage] (http://localhost:8504/static/js/index.k-9rUdPI.js:25:18330)
    at dp.handleMessage (http://localhost:8504/static/js/index.k-9rUdPI.js:21:3732)
[  581355ms] TypeError: Failed to fetch
    at Eh.track (http://localhost:8504/static/js/index.k-9rUdPI.js:25:10509)
    at Eh.send (http://localhost:8504/static/js/index.k-9rUdPI.js:25:10256)
    at Eh.enqueue (http://localhost:8504/static/js/index.k-9rUdPI.js:25:9638)
    at y.handleNewSession (http://localhost:8504/static/js/index.k-9rUdPI.js:25:24239)
    at Object.newSession (http://localhost:8504/static/js/index.k-9rUdPI.js:25:18361)
    at t (http://localhost:8504/static/js/index.k-9rUdPI.js:25:18276)
    at Object.handleMessage [as onMessage] (http://localhost:8504/static/js/index.k-9rUdPI.js:25:18330)
    at dp.handleMessage (http://localhost:8504/static/js/index.k-9rUdPI.js:21:3732)
[  581355ms] TypeError: Failed to fetch
    at Eh.track (http://localhost:8504/static/js/index.k-9rUdPI.js:25:10509)
    at Eh.send (http://localhost:8504/static/js/index.k-9rUdPI.js:25:10256)
    at Eh.enqueue (http://localhost:8504/static/js/index.k-9rUdPI.js:25:9638)
    at y.handlePageProfileMsg (http://localhost:8504/static/js/index.k-9rUdPI.js:25:21403)
    at Object.pageProfile (http://localhost:8504/static/js/index.k-9rUdPI.js:25:18785)
    at t (http://localhost:8504/static/js/index.k-9rUdPI.js:25:18276)
    at Object.handleMessage [as onMessage] (http://localhost:8504/static/js/index.k-9rUdPI.js:25:18330)
    at dp.handleMessage (http://localhost:8504/static/js/index.k-9rUdPI.js:21:3732)
[  587437ms] [ERROR] Failed to load resource: net::ERR_NAME_NOT_RESOLVED @ https://webhooks.fivetran.com/webhooks/615b5e5c-9fde-4c75-a034-f642dba74c1f:0
[  587437ms] [ERROR] Failed to load resource: net::ERR_NAME_NOT_RESOLVED @ https://webhooks.fivetran.com/webhooks/615b5e5c-9fde-4c75-a034-f642dba74c1f:0
[  587439ms] TypeError: Failed to fetch
    at Eh.track (http://localhost:8504/static/js/index.k-9rUdPI.js:25:10509)
    at Eh.send (http://localhost:8504/static/js/index.k-9rUdPI.js:25:10256)
    at Eh.enqueue (http://localhost:8504/static/js/index.k-9rUdPI.js:25:9638)
    at y.handlePageProfileMsg (http://localhost:8504/static/js/index.k-9rUdPI.js:25:21403)
    at Object.pageProfile (http://localhost:8504/static/js/index.k-9rUdPI.js:25:18785)
    at t (http://localhost:8504/static/js/index.k-9rUdPI.js:25:18276)
    at Object.handleMessage [as onMessage] (http://localhost:8504/static/js/index.k-9rUdPI.js:25:18330)
    at dp.handleMessage (http://localhost:8504/static/js/index.k-9rUdPI.js:21:3732)
[  587438ms] [ERROR] Failed to load resource: net::ERR_NAME_NOT_RESOLVED @ https://webhooks.fivetran.com/webhooks/615b5e5c-9fde-4c75-a034-f642dba74c1f:0
[  587438ms] [ERROR] Failed to load resource: net::ERR_NAME_NOT_RESOLVED @ https://webhooks.fivetran.com/webhooks/615b5e5c-9fde-4c75-a034-f642dba74c1f:0
[  587438ms] [ERROR] Failed to load resource: net::ERR_NAME_NOT_RESOLVED @ https://webhooks.fivetran.com/webhooks/615b5e5c-9fde-4c75-a034-f642dba74c1f:0
[  587438ms] [ERROR] Failed to load resource: net::ERR_NAME_NOT_RESOLVED @ https://webhooks.fivetran.com/webhooks/615b5e5c-9fde-4c75-a034-f642dba74c1f:0
[  587440ms] TypeError: Failed to fetch
    at Eh.track (http://localhost:8504/static/js/index.k-9rUdPI.js:25:10509)
    at Eh.send (http://localhost:8504/static/js/index.k-9rUdPI.js:25:10256)
    at Eh.enqueue (http://localhost:8504/static/js/index.k-9rUdPI.js:25:9638)
    at y.handleNewSession (http://localhost:8504/static/js/index.k-9rUdPI.js:25:24239)
    at Object.newSession (http://localhost:8504/static/js/index.k-9rUdPI.js:25:18361)
    at t (http://localhost:8504/static/js/index.k-9rUdPI.js:25:18276)
    at Object.handleMessage [as onMessage] (http://localhost:8504/static/js/index.k-9rUdPI.js:25:18330)
    at dp.handleMessage (http://localhost:8504/static/js/index.k-9rUdPI.js:21:3732)
[  587440ms] TypeError: Failed to fetch
    at Eh.track (http://localhost:8504/static/js/index.k-9rUdPI.js:25:10509)
    at Eh.send (http://localhost:8504/static/js/index.k-9rUdPI.js:25:10256)
    at Eh.enqueue (http://localhost:8504/static/js/index.k-9rUdPI.js:25:9638)
    at y.handleNewSession (http://localhost:8504/static/js/index.k-9rUdPI.js:25:24239)
    at Object.newSession (http://localhost:8504/static/js/index.k-9rUdPI.js:25:18361)
    at t (http://localhost:8504/static/js/index.k-9rUdPI.js:25:18276)
    at Object.handleMessage [as onMessage] (http://localhost:8504/static/js/index.k-9rUdPI.js:25:18330)
    at dp.handleMessage (http://localhost:8504/static/js/index.k-9rUdPI.js:21:3732)
[  587440ms] TypeError: Failed to fetch
    at Eh.track (http://localhost:8504/static/js/index.k-9rUdPI.js:25:10509)
    at Eh.send (http://localhost:8504/static/js/index.k-9rUdPI.js:25:10256)
    at Eh.enqueue (http://localhost:8504/static/js/index.k-9rUdPI.js:25:9638)
    at y.handleNewSession (http://localhost:8504/static/js/index.k-9rUdPI.js:25:24239)
    at Object.newSession (http://localhost:8504/static/js/index.k-9rUdPI.js:25:18361)
    at t (http://localhost:8504/static/js/index.k-9rUdPI.js:25:18276)
    at Object.handleMessage [as onMessage] (http://localhost:8504/static/js/index.k-9rUdPI.js:25:18330)
    at dp.handleMessage (http://localhost:8504/static/js/index.k-9rUdPI.js:21:3732)
[  587441ms] TypeError: Failed to fetch
    at Eh.track (http://localhost:8504/static/js/index.k-9rUdPI.js:25:10509)
    at Eh.send (http://localhost:8504/static/js/index.k-9rUdPI.js:25:10256)
    at Eh.enqueue (http://localhost:8504/static/js/index.k-9rUdPI.js:25:9638)
    at y.handleNewSession (http://localhost:8504/static/js/index.k-9rUdPI.js:25:24239)
    at Object.newSession (http://localhost:8504/static/js/index.k-9rUdPI.js:25:18361)
    at t (http://localhost:8504/static/js/index.k-9rUdPI.js:25:18276)
    at Object.handleMessage [as onMessage] (http://localhost:8504/static/js/index.k-9rUdPI.js:25:18330)
    at dp.handleMessage (http://localhost:8504/static/js/index.k-9rUdPI.js:21:3732)
[  587441ms] TypeError: Failed to fetch
    at Eh.track (http://localhost:8504/static/js/index.k-9rUdPI.js:25:10509)
    at Eh.send (http://localhost:8504/static/js/index.k-9rUdPI.js:25:10256)
    at Eh.enqueue (http://localhost:8504/static/js/index.k-9rUdPI.js:25:9638)
    at y.handlePageProfileMsg (http://localhost:8504/static/js/index.k-9rUdPI.js:25:21403)
    at Object.pageProfile (http://localhost:8504/static/js/index.k-9rUdPI.js:25:18785)
    at t (http://localhost:8504/static/js/index.k-9rUdPI.js:25:18276)
    at Object.handleMessage [as onMessage] (http://localhost:8504/static/js/index.k-9rUdPI.js:25:18330)
    at dp.handleMessage (http://localhost:8504/static/js/index.k-9rUdPI.js:21:3732)
